{
    "network_header": {
        "ip_version": 4,
        "iph_length": 20,
        "packet_length": 143,
        "TTL": 64,
        "protocol": 6,
        "iph_checksum": 32909,
        "src_ip": "192.168.0.189",
        "dst_ip": "52.139.250.253"
    },
    "transport_header": {
        "src_port": 62982,
        "dst_port": 443,
        "seq_num": 1943506376,
        "ack_num": 3302604863,
        "data_offset": 5,
        "flag": {
            "FIN": 0,
            "SYN": 0,
            "RST": 0,
            "PSH": 1,
            "ACK": 1,
            "URG": 0
        },
        "win_size": 512,
        "checksum": 30886,
        "urg_point": 0,
        "data": "....b.......(.....8Y.L..L.K.F../.J....N.x.:..W./.M...x(]%.....e.F..Mz....8E.](S..(.d.OW.N......Ej...j.."
    }
}{
    "network_header": {
        "ip_version": 4,
        "iph_length": 20,
        "packet_length": 40,
        "TTL": 64,
        "protocol": 6,
        "iph_checksum": 24099,
        "src_ip": "192.168.0.189",
        "dst_ip": "61.135.169.125"
    },
    "transport_header": {
        "src_port": 49536,
        "dst_port": 443,
        "seq_num": 84089727,
        "ack_num": 3321978229,
        "data_offset": 5,
        "flag": {
            "FIN": 0,
            "SYN": 0,
            "RST": 1,
            "PSH": 0,
            "ACK": 1,
            "URG": 0
        },
        "win_size": 0,
        "checksum": 50,
        "urg_point": 0,
        "data": ""
    }
}{
    "network_header": {
        "ip_version": 4,
        "iph_length": 20,
        "packet_length": 40,
        "TTL": 64,
        "protocol": 6,
        "iph_checksum": 24099,
        "src_ip": "192.168.0.189",
        "dst_ip": "61.135.169.125"
    },
    "transport_header": {
        "src_port": 49536,
        "dst_port": 443,
        "seq_num": 84089727,
        "ack_num": 3321978229,
        "data_offset": 5,
        "flag": {
            "FIN": 0,
            "SYN": 0,
            "RST": 1,
            "PSH": 0,
            "ACK": 1,
            "URG": 0
        },
        "win_size": 0,
        "checksum": 50,
        "urg_point": 0,
        "data": ""
    }
}{
    "network_header": {
        "ip_version": 4,
        "iph_length": 20,
        "packet_length": 40,
        "TTL": 64,
        "protocol": 6,
        "iph_checksum": 33011,
        "src_ip": "192.168.0.189",
        "dst_ip": "52.139.250.253"
    },
    "transport_header": {
        "src_port": 62982,
        "dst_port": 443,
        "seq_num": 1943506479,
        "ack_num": 3302605036,
        "data_offset": 5,
        "flag": {
            "FIN": 0,
            "SYN": 0,
            "RST": 0,
            "PSH": 0,
            "ACK": 1,
            "URG": 0
        },
        "win_size": 511,
        "checksum": 15704,
        "urg_point": 0,
        "data": ""
    }
}{
    "network_header": {
        "ip_version": 4,
        "iph_length": 20,
        "packet_length": 40,
        "TTL": 64,
        "protocol": 6,
        "iph_checksum": 33011,
        "src_ip": "192.168.0.189",
        "dst_ip": "52.139.250.253"
    },
    "transport_header": {
        "src_port": 62982,
        "dst_port": 443,
        "seq_num": 1943506479,
        "ack_num": 3302605036,
        "data_offset": 5,
        "flag": {
            "FIN": 0,
            "SYN": 0,
            "RST": 0,
            "PSH": 0,
            "ACK": 1,
            "URG": 0
        },
        "win_size": 511,
        "checksum": 15704,
        "urg_point": 0,
        "data": ""
    }
}