{
    "network_header": {
        "ip_version": 4,
        "iph_length": 20,
        "packet_length": 40,
        "TTL": 64,
        "protocol": 6,
        "iph_checksum": 24107,
        "src_ip": "192.168.0.189",
        "dst_ip": "61.135.169.125"
    },
    "transport_header": {
        "src_port": 49536,
        "dst_port": 443,
        "seq_num": 84089726,
        "ack_num": 3321978229,
        "data_offset": 5,
        "flag": {
            "FIN": 1,
            "SYN": 0,
            "RST": 0,
            "PSH": 0,
            "ACK": 1,
            "URG": 0
        },
        "win_size": 1024,
        "checksum": 64565,
        "urg_point": 0,
        "data": ""
    }
}{
    "network_header": {
        "ip_version": 4,
        "iph_length": 20,
        "packet_length": 294,
        "TTL": 64,
        "protocol": 17,
        "iph_checksum": 46650,
        "src_ip": "192.168.0.189",
        "dst_ip": "223.167.86.117"
    },
    "transport_header": {
        "src_port": 51526,
        "dst_port": 8000,
        "udp_length": 274,
        "udp_checksum": 14527
    }
}{
    "network_header": {
        "ip_version": 4,
        "iph_length": 20,
        "packet_length": 286,
        "TTL": 54,
        "protocol": 17,
        "iph_checksum": 5544,
        "src_ip": "223.167.86.117",
        "dst_ip": "192.168.0.189"
    },
    "transport_header": {
        "src_port": 8000,
        "dst_port": 51526,
        "udp_length": 266,
        "udp_checksum": 28545
    }
}{
    "network_header": {
        "ip_version": 4,
        "iph_length": 20,
        "packet_length": 302,
        "TTL": 64,
        "protocol": 17,
        "iph_checksum": 46641,
        "src_ip": "192.168.0.189",
        "dst_ip": "223.167.86.117"
    },
    "transport_header": {
        "src_port": 51526,
        "dst_port": 8000,
        "udp_length": 282,
        "udp_checksum": 34823
    }
}{
    "network_header": {
        "ip_version": 4,
        "iph_length": 20,
        "packet_length": 302,
        "TTL": 64,
        "protocol": 17,
        "iph_checksum": 46641,
        "src_ip": "192.168.0.189",
        "dst_ip": "223.167.86.117"
    },
    "transport_header": {
        "src_port": 51526,
        "dst_port": 8000,
        "udp_length": 282,
        "udp_checksum": 34823
    }
}{
    "network_header": {
        "ip_version": 4,
        "iph_length": 20,
        "packet_length": 198,
        "TTL": 54,
        "protocol": 17,
        "iph_checksum": 5617,
        "src_ip": "223.167.86.117",
        "dst_ip": "192.168.0.189"
    },
    "transport_header": {
        "src_port": 8000,
        "dst_port": 51526,
        "udp_length": 178,
        "udp_checksum": 31772
    }
}{
    "network_header": {
        "ip_version": 4,
        "iph_length": 20,
        "packet_length": 52,
        "TTL": 64,
        "protocol": 6,
        "iph_checksum": 24094,
        "src_ip": "192.168.0.189",
        "dst_ip": "61.135.169.125"
    },
    "transport_header": {
        "src_port": 49538,
        "dst_port": 443,
        "seq_num": 439056340,
        "ack_num": 0,
        "data_offset": 8,
        "flag": {
            "FIN": 0,
            "SYN": 1,
            "RST": 0,
            "PSH": 0,
            "ACK": 0,
            "URG": 0
        },
        "win_size": 65535,
        "checksum": 29033,
        "urg_point": 0,
        "data": "............"
    }
}{
    "network_header": {
        "ip_version": 4,
        "iph_length": 20,
        "packet_length": 129,
        "TTL": 4,
        "protocol": 17,
        "iph_checksum": 0,
        "src_ip": "192.168.0.189",
        "dst_ip": "239.255.255.250"
    },
    "transport_header": {
        "src_port": 64380,
        "dst_port": 1900,
        "udp_length": 109,
        "udp_checksum": 50096
    }
}{
    "network_header": {
        "ip_version": 4,
        "iph_length": 20,
        "packet_length": 129,
        "TTL": 4,
        "protocol": 17,
        "iph_checksum": 55899,
        "src_ip": "192.168.0.189",
        "dst_ip": "239.255.255.250"
    },
    "transport_header": {
        "src_port": 64380,
        "dst_port": 1900,
        "udp_length": 109,
        "udp_checksum": 50096
    }
}{
    "network_header": {
        "ip_version": 4,
        "iph_length": 20,
        "packet_length": 295,
        "TTL": 64,
        "protocol": 17,
        "iph_checksum": 64378,
        "src_ip": "192.168.0.1",
        "dst_ip": "192.168.0.189"
    },
    "transport_header": {
        "src_port": 1900,
        "dst_port": 64380,
        "udp_length": 275,
        "udp_checksum": 2758
    }
}{
    "network_header": {
        "ip_version": 4,
        "iph_length": 20,
        "packet_length": 40,
        "TTL": 64,
        "protocol": 6,
        "iph_checksum": 24105,
        "src_ip": "192.168.0.189",
        "dst_ip": "61.135.169.125"
    },
    "transport_header": {
        "src_port": 49538,
        "dst_port": 443,
        "seq_num": 439056341,
        "ack_num": 965837479,
        "data_offset": 5,
        "flag": {
            "FIN": 0,
            "SYN": 0,
            "RST": 0,
            "PSH": 0,
            "ACK": 1,
            "URG": 0
        },
        "win_size": 1024,
        "checksum": 61939,
        "urg_point": 0,
        "data": ""
    }
}{
    "network_header": {
        "ip_version": 4,
        "iph_length": 20,
        "packet_length": 40,
        "TTL": 64,
        "protocol": 6,
        "iph_checksum": 24104,
        "src_ip": "192.168.0.189",
        "dst_ip": "61.135.169.125"
    },
    "transport_header": {
        "src_port": 49538,
        "dst_port": 443,
        "seq_num": 439056341,
        "ack_num": 965837479,
        "data_offset": 5,
        "flag": {
            "FIN": 1,
            "SYN": 0,
            "RST": 0,
            "PSH": 0,
            "ACK": 1,
            "URG": 0
        },
        "win_size": 1024,
        "checksum": 61938,
        "urg_point": 0,
        "data": ""
    }
}{
    "network_header": {
        "ip_version": 4,
        "iph_length": 20,
        "packet_length": 40,
        "TTL": 64,
        "protocol": 6,
        "iph_checksum": 24105,
        "src_ip": "192.168.0.189",
        "dst_ip": "61.135.169.125"
    },
    "transport_header": {
        "src_port": 49538,
        "dst_port": 443,
        "seq_num": 439056341,
        "ack_num": 965837479,
        "data_offset": 5,
        "flag": {
            "FIN": 0,
            "SYN": 0,
            "RST": 0,
            "PSH": 0,
            "ACK": 1,
            "URG": 0
        },
        "win_size": 1024,
        "checksum": 61939,
        "urg_point": 0,
        "data": ""
    }
}{
    "network_header": {
        "ip_version": 4,
        "iph_length": 20,
        "packet_length": 40,
        "TTL": 64,
        "protocol": 6,
        "iph_checksum": 24104,
        "src_ip": "192.168.0.189",
        "dst_ip": "61.135.169.125"
    },
    "transport_header": {
        "src_port": 49538,
        "dst_port": 443,
        "seq_num": 439056341,
        "ack_num": 965837479,
        "data_offset": 5,
        "flag": {
            "FIN": 1,
            "SYN": 0,
            "RST": 0,
            "PSH": 0,
            "ACK": 1,
            "URG": 0
        },
        "win_size": 1024,
        "checksum": 61938,
        "urg_point": 0,
        "data": ""
    }
}