{
    "network_header": {
        "ip_version": 4,
        "iph_length": 20,
        "packet_length": 295,
        "TTL": 64,
        "protocol": 17,
        "iph_checksum": 64332,
        "src_ip": "192.168.0.1",
        "dst_ip": "192.168.0.189"
    },
    "transport_header": {
        "src_port": 1900,
        "dst_port": 64380,
        "udp_length": 275,
        "udp_checksum": 2501
    }
}{
    "network_header": {
        "ip_version": 4,
        "iph_length": 20,
        "packet_length": 40,
        "TTL": 64,
        "protocol": 6,
        "iph_checksum": 24096,
        "src_ip": "192.168.0.189",
        "dst_ip": "61.135.169.125"
    },
    "transport_header": {
        "src_port": 49542,
        "dst_port": 443,
        "seq_num": 303048902,
        "ack_num": 1030908669,
        "data_offset": 5,
        "flag": {
            "FIN": 0,
            "SYN": 0,
            "RST": 0,
            "PSH": 0,
            "ACK": 1,
            "URG": 0
        },
        "win_size": 1024,
        "checksum": 23779,
        "urg_point": 0,
        "data": ""
    }
}{
    "network_header": {
        "ip_version": 4,
        "iph_length": 20,
        "packet_length": 40,
        "TTL": 64,
        "protocol": 6,
        "iph_checksum": 24096,
        "src_ip": "192.168.0.189",
        "dst_ip": "61.135.169.125"
    },
    "transport_header": {
        "src_port": 49542,
        "dst_port": 443,
        "seq_num": 303048902,
        "ack_num": 1030908669,
        "data_offset": 5,
        "flag": {
            "FIN": 0,
            "SYN": 0,
            "RST": 0,
            "PSH": 0,
            "ACK": 1,
            "URG": 0
        },
        "win_size": 1024,
        "checksum": 23779,
        "urg_point": 0,
        "data": ""
    }
}{
    "network_header": {
        "ip_version": 4,
        "iph_length": 20,
        "packet_length": 40,
        "TTL": 64,
        "protocol": 6,
        "iph_checksum": 24095,
        "src_ip": "192.168.0.189",
        "dst_ip": "61.135.169.125"
    },
    "transport_header": {
        "src_port": 49542,
        "dst_port": 443,
        "seq_num": 303048902,
        "ack_num": 1030908669,
        "data_offset": 5,
        "flag": {
            "FIN": 1,
            "SYN": 0,
            "RST": 0,
            "PSH": 0,
            "ACK": 1,
            "URG": 0
        },
        "win_size": 1024,
        "checksum": 23778,
        "urg_point": 0,
        "data": ""
    }
}{
    "network_header": {
        "ip_version": 4,
        "iph_length": 20,
        "packet_length": 40,
        "TTL": 64,
        "protocol": 6,
        "iph_checksum": 24095,
        "src_ip": "192.168.0.189",
        "dst_ip": "61.135.169.125"
    },
    "transport_header": {
        "src_port": 49542,
        "dst_port": 443,
        "seq_num": 303048902,
        "ack_num": 1030908669,
        "data_offset": 5,
        "flag": {
            "FIN": 1,
            "SYN": 0,
            "RST": 0,
            "PSH": 0,
            "ACK": 1,
            "URG": 0
        },
        "win_size": 1024,
        "checksum": 23778,
        "urg_point": 0,
        "data": ""
    }
}{
    "network_header": {
        "ip_version": 4,
        "iph_length": 20,
        "packet_length": 108,
        "TTL": 64,
        "protocol": 6,
        "iph_checksum": 18749,
        "src_ip": "192.168.0.189",
        "dst_ip": "120.92.79.46"
    },
    "transport_header": {
        "src_port": 63632,
        "dst_port": 7823,
        "seq_num": 2329699065,
        "ack_num": 428549057,
        "data_offset": 5,
        "flag": {
            "FIN": 0,
            "SYN": 0,
            "RST": 0,
            "PSH": 1,
            "ACK": 1,
            "URG": 0
        },
        "win_size": 512,
        "checksum": 37279,
        "urg_point": 0,
        "data": "....?........OXF...9........tU..b.&..`.....hCu8R.....Y.v..<.gx..X.2g"
    }
}{
    "network_header": {
        "ip_version": 4,
        "iph_length": 20,
        "packet_length": 40,
        "TTL": 64,
        "protocol": 6,
        "iph_checksum": 18816,
        "src_ip": "192.168.0.189",
        "dst_ip": "120.92.79.46"
    },
    "transport_header": {
        "src_port": 63632,
        "dst_port": 7823,
        "seq_num": 2329699133,
        "ack_num": 428549197,
        "data_offset": 5,
        "flag": {
            "FIN": 0,
            "SYN": 0,
            "RST": 0,
            "PSH": 0,
            "ACK": 1,
            "URG": 0
        },
        "win_size": 512,
        "checksum": 57810,
        "urg_point": 0,
        "data": ""
    }
}{
    "network_header": {
        "ip_version": 4,
        "iph_length": 20,
        "packet_length": 40,
        "TTL": 64,
        "protocol": 6,
        "iph_checksum": 18816,
        "src_ip": "192.168.0.189",
        "dst_ip": "120.92.79.46"
    },
    "transport_header": {
        "src_port": 63632,
        "dst_port": 7823,
        "seq_num": 2329699133,
        "ack_num": 428549197,
        "data_offset": 5,
        "flag": {
            "FIN": 0,
            "SYN": 0,
            "RST": 0,
            "PSH": 0,
            "ACK": 1,
            "URG": 0
        },
        "win_size": 512,
        "checksum": 57810,
        "urg_point": 0,
        "data": ""
    }
}{
    "network_header": {
        "ip_version": 4,
        "iph_length": 20,
        "packet_length": 40,
        "TTL": 64,
        "protocol": 6,
        "iph_checksum": 24094,
        "src_ip": "192.168.0.189",
        "dst_ip": "61.135.169.125"
    },
    "transport_header": {
        "src_port": 49542,
        "dst_port": 443,
        "seq_num": 303048902,
        "ack_num": 1030908669,
        "data_offset": 5,
        "flag": {
            "FIN": 1,
            "SYN": 0,
            "RST": 0,
            "PSH": 0,
            "ACK": 1,
            "URG": 0
        },
        "win_size": 1024,
        "checksum": 23778,
        "urg_point": 0,
        "data": ""
    }
}{
    "network_header": {
        "ip_version": 4,
        "iph_length": 20,
        "packet_length": 40,
        "TTL": 64,
        "protocol": 6,
        "iph_checksum": 24094,
        "src_ip": "192.168.0.189",
        "dst_ip": "61.135.169.125"
    },
    "transport_header": {
        "src_port": 49542,
        "dst_port": 443,
        "seq_num": 303048902,
        "ack_num": 1030908669,
        "data_offset": 5,
        "flag": {
            "FIN": 1,
            "SYN": 0,
            "RST": 0,
            "PSH": 0,
            "ACK": 1,
            "URG": 0
        },
        "win_size": 1024,
        "checksum": 23778,
        "urg_point": 0,
        "data": ""
    }
}{
    "network_header": {
        "ip_version": 4,
        "iph_length": 20,
        "packet_length": 40,
        "TTL": 64,
        "protocol": 6,
        "iph_checksum": 24093,
        "src_ip": "192.168.0.189",
        "dst_ip": "61.135.169.125"
    },
    "transport_header": {
        "src_port": 49542,
        "dst_port": 443,
        "seq_num": 303048902,
        "ack_num": 1030908669,
        "data_offset": 5,
        "flag": {
            "FIN": 1,
            "SYN": 0,
            "RST": 0,
            "PSH": 0,
            "ACK": 1,
            "URG": 0
        },
        "win_size": 1024,
        "checksum": 23778,
        "urg_point": 0,
        "data": ""
    }
}{
    "network_header": {
        "ip_version": 4,
        "iph_length": 20,
        "packet_length": 40,
        "TTL": 64,
        "protocol": 6,
        "iph_checksum": 24093,
        "src_ip": "192.168.0.189",
        "dst_ip": "61.135.169.125"
    },
    "transport_header": {
        "src_port": 49542,
        "dst_port": 443,
        "seq_num": 303048902,
        "ack_num": 1030908669,
        "data_offset": 5,
        "flag": {
            "FIN": 1,
            "SYN": 0,
            "RST": 0,
            "PSH": 0,
            "ACK": 1,
            "URG": 0
        },
        "win_size": 1024,
        "checksum": 23778,
        "urg_point": 0,
        "data": ""
    }
}