{
    "network_header": {
        "ip_version": 4,
        "iph_length": 20,
        "packet_length": 40,
        "TTL": 64,
        "protocol": 6,
        "iph_checksum": 24100,
        "src_ip": "192.168.0.189",
        "dst_ip": "61.135.169.125"
    },
    "transport_header": {
        "src_port": 49538,
        "dst_port": 443,
        "seq_num": 439056341,
        "ack_num": 965837479,
        "data_offset": 5,
        "flag": {
            "FIN": 1,
            "SYN": 0,
            "RST": 0,
            "PSH": 0,
            "ACK": 1,
            "URG": 0
        },
        "win_size": 1024,
        "checksum": 61938,
        "urg_point": 0,
        "data": ""
    }
}{
    "network_header": {
        "ip_version": 4,
        "iph_length": 20,
        "packet_length": 40,
        "TTL": 64,
        "protocol": 6,
        "iph_checksum": 24100,
        "src_ip": "192.168.0.189",
        "dst_ip": "61.135.169.125"
    },
    "transport_header": {
        "src_port": 49538,
        "dst_port": 443,
        "seq_num": 439056341,
        "ack_num": 965837479,
        "data_offset": 5,
        "flag": {
            "FIN": 1,
            "SYN": 0,
            "RST": 0,
            "PSH": 0,
            "ACK": 1,
            "URG": 0
        },
        "win_size": 1024,
        "checksum": 61938,
        "urg_point": 0,
        "data": ""
    }
}{
    "network_header": {
        "ip_version": 4,
        "iph_length": 20,
        "packet_length": 40,
        "TTL": 64,
        "protocol": 6,
        "iph_checksum": 19754,
        "src_ip": "192.168.0.189",
        "dst_ip": "202.108.23.113"
    },
    "transport_header": {
        "src_port": 58207,
        "dst_port": 80,
        "seq_num": 4196419332,
        "ack_num": 2897290881,
        "data_offset": 5,
        "flag": {
            "FIN": 0,
            "SYN": 0,
            "RST": 0,
            "PSH": 0,
            "ACK": 1,
            "URG": 0
        },
        "win_size": 516,
        "checksum": 4742,
        "urg_point": 0,
        "data": ""
    }
}{
    "network_header": {
        "ip_version": 4,
        "iph_length": 20,
        "packet_length": 60,
        "TTL": 64,
        "protocol": 6,
        "iph_checksum": 19733,
        "src_ip": "192.168.0.189",
        "dst_ip": "202.108.23.113"
    },
    "transport_header": {
        "src_port": 58207,
        "dst_port": 80,
        "seq_num": 4196419332,
        "ack_num": 2897290881,
        "data_offset": 5,
        "flag": {
            "FIN": 0,
            "SYN": 0,
            "RST": 0,
            "PSH": 1,
            "ACK": 1,
            "URG": 0
        },
        "win_size": 516,
        "checksum": 14016,
        "urg_point": 0,
        "data": "..........p........."
    }
}{
    "network_header": {
        "ip_version": 4,
        "iph_length": 20,
        "packet_length": 60,
        "TTL": 64,
        "protocol": 6,
        "iph_checksum": 19733,
        "src_ip": "192.168.0.189",
        "dst_ip": "202.108.23.113"
    },
    "transport_header": {
        "src_port": 58207,
        "dst_port": 80,
        "seq_num": 4196419332,
        "ack_num": 2897290881,
        "data_offset": 5,
        "flag": {
            "FIN": 0,
            "SYN": 0,
            "RST": 0,
            "PSH": 1,
            "ACK": 1,
            "URG": 0
        },
        "win_size": 516,
        "checksum": 14016,
        "urg_point": 0,
        "data": "..........p........."
    }
}{
    "network_header": {
        "ip_version": 4,
        "iph_length": 20,
        "packet_length": 40,
        "TTL": 64,
        "protocol": 6,
        "iph_checksum": 19752,
        "src_ip": "192.168.0.189",
        "dst_ip": "202.108.23.113"
    },
    "transport_header": {
        "src_port": 58207,
        "dst_port": 80,
        "seq_num": 4196419352,
        "ack_num": 2897290903,
        "data_offset": 5,
        "flag": {
            "FIN": 0,
            "SYN": 0,
            "RST": 0,
            "PSH": 0,
            "ACK": 1,
            "URG": 0
        },
        "win_size": 516,
        "checksum": 4700,
        "urg_point": 0,
        "data": ""
    }
}{
    "network_header": {
        "ip_version": 4,
        "iph_length": 20,
        "packet_length": 40,
        "TTL": 64,
        "protocol": 6,
        "iph_checksum": 19752,
        "src_ip": "192.168.0.189",
        "dst_ip": "202.108.23.113"
    },
    "transport_header": {
        "src_port": 58207,
        "dst_port": 80,
        "seq_num": 4196419352,
        "ack_num": 2897290903,
        "data_offset": 5,
        "flag": {
            "FIN": 0,
            "SYN": 0,
            "RST": 0,
            "PSH": 0,
            "ACK": 1,
            "URG": 0
        },
        "win_size": 516,
        "checksum": 4700,
        "urg_point": 0,
        "data": ""
    }
}