{
    "network_header": {
        "ip_version": 4,
        "iph_length": 20,
        "packet_length": 78,
        "TTL": 64,
        "protocol": 6,
        "iph_checksum": 29624,
        "src_ip": "192.168.0.189",
        "dst_ip": "115.182.41.173"
    },
    "transport_header": {
        "src_port": 51243,
        "dst_port": 443,
        "seq_num": 3419995695,
        "ack_num": 2914928266,
        "data_offset": 5,
        "flag": {
            "FIN": 0,
            "SYN": 0,
            "RST": 0,
            "PSH": 1,
            "ACK": 1,
            "URG": 0
        },
        "win_size": 517,
        "checksum": 16931,
        "urg_point": 0,
        "data": "....!.......Jk.M.-.yE.$....M&....g...d"
    }
}{
    "network_header": {
        "ip_version": 4,
        "iph_length": 20,
        "packet_length": 108,
        "TTL": 64,
        "protocol": 6,
        "iph_checksum": 40451,
        "src_ip": "192.168.0.189",
        "dst_ip": "192.144.188.38"
    },
    "transport_header": {
        "src_port": 62385,
        "dst_port": 7823,
        "seq_num": 3441504410,
        "ack_num": 1821697229,
        "data_offset": 5,
        "flag": {
            "FIN": 0,
            "SYN": 0,
            "RST": 0,
            "PSH": 1,
            "ACK": 1,
            "URG": 0
        },
        "win_size": 515,
        "checksum": 55385,
        "urg_point": 0,
        "data": "....?.......B....-J..=...>.....kT......=Y4?S.Tf.U...p./}..[2]Y.\"{.u."
    }
}{
    "network_header": {
        "ip_version": 4,
        "iph_length": 20,
        "packet_length": 40,
        "TTL": 64,
        "protocol": 6,
        "iph_checksum": 40518,
        "src_ip": "192.168.0.189",
        "dst_ip": "192.144.188.38"
    },
    "transport_header": {
        "src_port": 62385,
        "dst_port": 7823,
        "seq_num": 3441504478,
        "ack_num": 1821697370,
        "data_offset": 5,
        "flag": {
            "FIN": 0,
            "SYN": 0,
            "RST": 0,
            "PSH": 0,
            "ACK": 1,
            "URG": 0
        },
        "win_size": 515,
        "checksum": 3461,
        "urg_point": 0,
        "data": ""
    }
}{
    "network_header": {
        "ip_version": 4,
        "iph_length": 20,
        "packet_length": 40,
        "TTL": 64,
        "protocol": 6,
        "iph_checksum": 40518,
        "src_ip": "192.168.0.189",
        "dst_ip": "192.144.188.38"
    },
    "transport_header": {
        "src_port": 62385,
        "dst_port": 7823,
        "seq_num": 3441504478,
        "ack_num": 1821697370,
        "data_offset": 5,
        "flag": {
            "FIN": 0,
            "SYN": 0,
            "RST": 0,
            "PSH": 0,
            "ACK": 1,
            "URG": 0
        },
        "win_size": 515,
        "checksum": 3461,
        "urg_point": 0,
        "data": ""
    }
}{
    "network_header": {
        "ip_version": 4,
        "iph_length": 20,
        "packet_length": 40,
        "TTL": 64,
        "protocol": 6,
        "iph_checksum": 29661,
        "src_ip": "192.168.0.189",
        "dst_ip": "115.182.41.173"
    },
    "transport_header": {
        "src_port": 51243,
        "dst_port": 443,
        "seq_num": 3419995733,
        "ack_num": 2914928298,
        "data_offset": 5,
        "flag": {
            "FIN": 0,
            "SYN": 0,
            "RST": 0,
            "PSH": 0,
            "ACK": 1,
            "URG": 0
        },
        "win_size": 517,
        "checksum": 50824,
        "urg_point": 0,
        "data": ""
    }
}{
    "network_header": {
        "ip_version": 4,
        "iph_length": 20,
        "packet_length": 40,
        "TTL": 64,
        "protocol": 6,
        "iph_checksum": 29661,
        "src_ip": "192.168.0.189",
        "dst_ip": "115.182.41.173"
    },
    "transport_header": {
        "src_port": 51243,
        "dst_port": 443,
        "seq_num": 3419995733,
        "ack_num": 2914928298,
        "data_offset": 5,
        "flag": {
            "FIN": 0,
            "SYN": 0,
            "RST": 0,
            "PSH": 0,
            "ACK": 1,
            "URG": 0
        },
        "win_size": 517,
        "checksum": 50824,
        "urg_point": 0,
        "data": ""
    }
}