{
    "network_header": {
        "ip_version": 4,
        "iph_length": 20,
        "packet_length": 86,
        "TTL": 64,
        "protocol": 6,
        "iph_checksum": 46718,
        "src_ip": "192.168.0.189",
        "dst_ip": "140.143.213.113"
    },
    "transport_header": {
        "src_port": 53844,
        "dst_port": 443,
        "seq_num": 2573810383,
        "ack_num": 955293592,
        "data_offset": 5,
        "flag": {
            "FIN": 0,
            "SYN": 0,
            "RST": 0,
            "PSH": 1,
            "ACK": 1,
            "URG": 0
        },
        "win_size": 517,
        "checksum": 59771,
        "urg_point": 0,
        "data": "....)FE.=.K.d..U.)..$..=...wf4%`..o.....y..T.."
    }
}{
    "network_header": {
        "ip_version": 4,
        "iph_length": 20,
        "packet_length": 40,
        "TTL": 64,
        "protocol": 6,
        "iph_checksum": 46763,
        "src_ip": "192.168.0.189",
        "dst_ip": "140.143.213.113"
    },
    "transport_header": {
        "src_port": 53844,
        "dst_port": 443,
        "seq_num": 2573810429,
        "ack_num": 955293634,
        "data_offset": 5,
        "flag": {
            "FIN": 0,
            "SYN": 0,
            "RST": 0,
            "PSH": 0,
            "ACK": 1,
            "URG": 0
        },
        "win_size": 516,
        "checksum": 2369,
        "urg_point": 0,
        "data": ""
    }
}{
    "network_header": {
        "ip_version": 4,
        "iph_length": 20,
        "packet_length": 40,
        "TTL": 64,
        "protocol": 6,
        "iph_checksum": 46763,
        "src_ip": "192.168.0.189",
        "dst_ip": "140.143.213.113"
    },
    "transport_header": {
        "src_port": 53844,
        "dst_port": 443,
        "seq_num": 2573810429,
        "ack_num": 955293634,
        "data_offset": 5,
        "flag": {
            "FIN": 0,
            "SYN": 0,
            "RST": 0,
            "PSH": 0,
            "ACK": 1,
            "URG": 0
        },
        "win_size": 516,
        "checksum": 2369,
        "urg_point": 0,
        "data": ""
    }
}