{
    "network_header": {
        "ip_version": 4,
        "iph_length": 20,
        "packet_length": 115,
        "TTL": 56,
        "protocol": 17,
        "iph_checksum": 7253,
        "src_ip": "111.161.107.181",
        "dst_ip": "192.168.0.189"
    },
    "transport_header": {
        "src_port": 8000,
        "dst_port": 4015,
        "udp_length": 95,
        "udp_checksum": 9026
    }
}{
    "network_header": {
        "ip_version": 4,
        "iph_length": 20,
        "packet_length": 258,
        "TTL": 64,
        "protocol": 17,
        "iph_checksum": 37379,
        "src_ip": "192.168.0.189",
        "dst_ip": "112.80.248.135"
    },
    "transport_header": {
        "src_port": 8145,
        "dst_port": 8829,
        "udp_length": 238,
        "udp_checksum": 50155
    }
}{
    "network_header": {
        "ip_version": 4,
        "iph_length": 20,
        "packet_length": 127,
        "TTL": 49,
        "protocol": 17,
        "iph_checksum": 19713,
        "src_ip": "112.80.248.135",
        "dst_ip": "192.168.0.189"
    },
    "transport_header": {
        "src_port": 8829,
        "dst_port": 8145,
        "udp_length": 107,
        "udp_checksum": 53038
    }
}{
    "network_header": {
        "ip_version": 4,
        "iph_length": 20,
        "packet_length": 129,
        "TTL": 4,
        "protocol": 17,
        "iph_checksum": 0,
        "src_ip": "192.168.0.189",
        "dst_ip": "239.255.255.250"
    },
    "transport_header": {
        "src_port": 64380,
        "dst_port": 1900,
        "udp_length": 109,
        "udp_checksum": 50096
    }
}{
    "network_header": {
        "ip_version": 4,
        "iph_length": 20,
        "packet_length": 129,
        "TTL": 4,
        "protocol": 17,
        "iph_checksum": 55897,
        "src_ip": "192.168.0.189",
        "dst_ip": "239.255.255.250"
    },
    "transport_header": {
        "src_port": 64380,
        "dst_port": 1900,
        "udp_length": 109,
        "udp_checksum": 50096
    }
}{
    "network_header": {
        "ip_version": 4,
        "iph_length": 20,
        "packet_length": 295,
        "TTL": 64,
        "protocol": 17,
        "iph_checksum": 64334,
        "src_ip": "192.168.0.1",
        "dst_ip": "192.168.0.189"
    },
    "transport_header": {
        "src_port": 1900,
        "dst_port": 64380,
        "udp_length": 275,
        "udp_checksum": 2505
    }
}