{
    "network_header": {
        "ip_version": 4,
        "iph_length": 20,
        "packet_length": 328,
        "TTL": 64,
        "protocol": 17,
        "iph_checksum": 0,
        "src_ip": "0.0.0.0",
        "dst_ip": "255.255.255.255"
    },
    "transport_header": {
        "src_port": 68,
        "dst_port": 67,
        "udp_length": 308,
        "udp_checksum": 31715
    }
}{
    "network_header": {
        "ip_version": 4,
        "iph_length": 20,
        "packet_length": 328,
        "TTL": 64,
        "protocol": 17,
        "iph_checksum": 32954,
        "src_ip": "0.0.0.0",
        "dst_ip": "255.255.255.255"
    },
    "transport_header": {
        "src_port": 68,
        "dst_port": 67,
        "udp_length": 308,
        "udp_checksum": 31715
    }
}{
    "network_header": {
        "ip_version": 4,
        "iph_length": 20,
        "packet_length": 129,
        "TTL": 4,
        "protocol": 17,
        "iph_checksum": 0,
        "src_ip": "192.168.0.189",
        "dst_ip": "239.255.255.250"
    },
    "transport_header": {
        "src_port": 64380,
        "dst_port": 1900,
        "udp_length": 109,
        "udp_checksum": 50096
    }
}{
    "network_header": {
        "ip_version": 4,
        "iph_length": 20,
        "packet_length": 129,
        "TTL": 4,
        "protocol": 17,
        "iph_checksum": 55898,
        "src_ip": "192.168.0.189",
        "dst_ip": "239.255.255.250"
    },
    "transport_header": {
        "src_port": 64380,
        "dst_port": 1900,
        "udp_length": 109,
        "udp_checksum": 50096
    }
}{
    "network_header": {
        "ip_version": 4,
        "iph_length": 20,
        "packet_length": 52,
        "TTL": 64,
        "protocol": 6,
        "iph_checksum": 65340,
        "src_ip": "192.168.0.189",
        "dst_ip": "192.168.0.1"
    },
    "transport_header": {
        "src_port": 49541,
        "dst_port": 1900,
        "seq_num": 1355268671,
        "ack_num": 0,
        "data_offset": 8,
        "flag": {
            "FIN": 0,
            "SYN": 1,
            "RST": 0,
            "PSH": 0,
            "ACK": 0,
            "URG": 0
        },
        "win_size": 64240,
        "checksum": 5656,
        "urg_point": 0,
        "data": "............"
    }
}{
    "network_header": {
        "ip_version": 4,
        "iph_length": 20,
        "packet_length": 295,
        "TTL": 64,
        "protocol": 17,
        "iph_checksum": 64356,
        "src_ip": "192.168.0.1",
        "dst_ip": "192.168.0.189"
    },
    "transport_header": {
        "src_port": 1900,
        "dst_port": 64380,
        "udp_length": 275,
        "udp_checksum": 2754
    }
}{
    "network_header": {
        "ip_version": 4,
        "iph_length": 20,
        "packet_length": 40,
        "TTL": 64,
        "protocol": 6,
        "iph_checksum": 65351,
        "src_ip": "192.168.0.189",
        "dst_ip": "192.168.0.1"
    },
    "transport_header": {
        "src_port": 49541,
        "dst_port": 1900,
        "seq_num": 1355268672,
        "ack_num": 2519223766,
        "data_offset": 5,
        "flag": {
            "FIN": 0,
            "SYN": 0,
            "RST": 0,
            "PSH": 0,
            "ACK": 1,
            "URG": 0
        },
        "win_size": 513,
        "checksum": 27596,
        "urg_point": 0,
        "data": ""
    }
}{
    "network_header": {
        "ip_version": 4,
        "iph_length": 20,
        "packet_length": 40,
        "TTL": 64,
        "protocol": 6,
        "iph_checksum": 65351,
        "src_ip": "192.168.0.189",
        "dst_ip": "192.168.0.1"
    },
    "transport_header": {
        "src_port": 49541,
        "dst_port": 1900,
        "seq_num": 1355268672,
        "ack_num": 2519223766,
        "data_offset": 5,
        "flag": {
            "FIN": 0,
            "SYN": 0,
            "RST": 0,
            "PSH": 0,
            "ACK": 1,
            "URG": 0
        },
        "win_size": 513,
        "checksum": 27596,
        "urg_point": 0,
        "data": ""
    }
}{
    "network_header": {
        "ip_version": 4,
        "iph_length": 20,
        "packet_length": 231,
        "TTL": 64,
        "protocol": 6,
        "iph_checksum": 65159,
        "src_ip": "192.168.0.189",
        "dst_ip": "192.168.0.1"
    },
    "transport_header": {
        "src_port": 49541,
        "dst_port": 1900,
        "seq_num": 1355268672,
        "ack_num": 2519223766,
        "data_offset": 5,
        "flag": {
            "FIN": 0,
            "SYN": 0,
            "RST": 0,
            "PSH": 1,
            "ACK": 1,
            "URG": 0
        },
        "win_size": 513,
        "checksum": 17770,
        "urg_point": 0,
        "data": "GET /igd.xml HTTP/1.1..Cache-Control: no-cache..Connection: Close..Pragma: no-cache..Accept: text/xml, application/xml..Host: 192.168.0.1:1900..User-Agent: Microsoft-Windows/10.0 UPnP/1.0...."
    }
}{
    "network_header": {
        "ip_version": 4,
        "iph_length": 20,
        "packet_length": 231,
        "TTL": 64,
        "protocol": 6,
        "iph_checksum": 65159,
        "src_ip": "192.168.0.189",
        "dst_ip": "192.168.0.1"
    },
    "transport_header": {
        "src_port": 49541,
        "dst_port": 1900,
        "seq_num": 1355268672,
        "ack_num": 2519223766,
        "data_offset": 5,
        "flag": {
            "FIN": 0,
            "SYN": 0,
            "RST": 0,
            "PSH": 1,
            "ACK": 1,
            "URG": 0
        },
        "win_size": 513,
        "checksum": 17770,
        "urg_point": 0,
        "data": "GET /igd.xml HTTP/1.1..Cache-Control: no-cache..Connection: Close..Pragma: no-cache..Accept: text/xml, application/xml..Host: 192.168.0.1:1900..User-Agent: Microsoft-Windows/10.0 UPnP/1.0...."
    }
}{
    "network_header": {
        "ip_version": 4,
        "iph_length": 20,
        "packet_length": 40,
        "TTL": 64,
        "protocol": 6,
        "iph_checksum": 65349,
        "src_ip": "192.168.0.189",
        "dst_ip": "192.168.0.1"
    },
    "transport_header": {
        "src_port": 49541,
        "dst_port": 1900,
        "seq_num": 1355268863,
        "ack_num": 2519226541,
        "data_offset": 5,
        "flag": {
            "FIN": 0,
            "SYN": 0,
            "RST": 0,
            "PSH": 0,
            "ACK": 1,
            "URG": 0
        },
        "win_size": 513,
        "checksum": 24630,
        "urg_point": 0,
        "data": ""
    }
}{
    "network_header": {
        "ip_version": 4,
        "iph_length": 20,
        "packet_length": 40,
        "TTL": 64,
        "protocol": 6,
        "iph_checksum": 65349,
        "src_ip": "192.168.0.189",
        "dst_ip": "192.168.0.1"
    },
    "transport_header": {
        "src_port": 49541,
        "dst_port": 1900,
        "seq_num": 1355268863,
        "ack_num": 2519226541,
        "data_offset": 5,
        "flag": {
            "FIN": 0,
            "SYN": 0,
            "RST": 0,
            "PSH": 0,
            "ACK": 1,
            "URG": 0
        },
        "win_size": 513,
        "checksum": 24630,
        "urg_point": 0,
        "data": ""
    }
}{
    "network_header": {
        "ip_version": 4,
        "iph_length": 20,
        "packet_length": 40,
        "TTL": 64,
        "protocol": 6,
        "iph_checksum": 65348,
        "src_ip": "192.168.0.189",
        "dst_ip": "192.168.0.1"
    },
    "transport_header": {
        "src_port": 49541,
        "dst_port": 1900,
        "seq_num": 1355268863,
        "ack_num": 2519226541,
        "data_offset": 5,
        "flag": {
            "FIN": 1,
            "SYN": 0,
            "RST": 0,
            "PSH": 0,
            "ACK": 1,
            "URG": 0
        },
        "win_size": 513,
        "checksum": 24629,
        "urg_point": 0,
        "data": ""
    }
}{
    "network_header": {
        "ip_version": 4,
        "iph_length": 20,
        "packet_length": 40,
        "TTL": 64,
        "protocol": 6,
        "iph_checksum": 65348,
        "src_ip": "192.168.0.189",
        "dst_ip": "192.168.0.1"
    },
    "transport_header": {
        "src_port": 49541,
        "dst_port": 1900,
        "seq_num": 1355268863,
        "ack_num": 2519226541,
        "data_offset": 5,
        "flag": {
            "FIN": 1,
            "SYN": 0,
            "RST": 0,
            "PSH": 0,
            "ACK": 1,
            "URG": 0
        },
        "win_size": 513,
        "checksum": 24629,
        "urg_point": 0,
        "data": ""
    }
}