{
    "network_header": {
        "ip_version": 4,
        "iph_length": 20,
        "packet_length": 85,
        "TTL": 64,
        "protocol": 6,
        "iph_checksum": 24955,
        "src_ip": "192.168.0.189",
        "dst_ip": "40.119.211.203"
    },
    "transport_header": {
        "src_port": 58330,
        "dst_port": 443,
        "seq_num": 1932880447,
        "ack_num": 3203346738,
        "data_offset": 5,
        "flag": {
            "FIN": 0,
            "SYN": 0,
            "RST": 0,
            "PSH": 1,
            "ACK": 1,
            "URG": 0
        },
        "win_size": 514,
        "checksum": 23076,
        "urg_point": 0,
        "data": "....(.......)j.RO.....O.....w...g.=..}.+\\..]."
    }
}{
    "network_header": {
        "ip_version": 4,
        "iph_length": 20,
        "packet_length": 40,
        "TTL": 64,
        "protocol": 6,
        "iph_checksum": 24999,
        "src_ip": "192.168.0.189",
        "dst_ip": "40.119.211.203"
    },
    "transport_header": {
        "src_port": 58330,
        "dst_port": 443,
        "seq_num": 1932880492,
        "ack_num": 3203346914,
        "data_offset": 5,
        "flag": {
            "FIN": 0,
            "SYN": 0,
            "RST": 0,
            "PSH": 0,
            "ACK": 1,
            "URG": 0
        },
        "win_size": 514,
        "checksum": 15393,
        "urg_point": 0,
        "data": ""
    }
}{
    "network_header": {
        "ip_version": 4,
        "iph_length": 20,
        "packet_length": 40,
        "TTL": 64,
        "protocol": 6,
        "iph_checksum": 24999,
        "src_ip": "192.168.0.189",
        "dst_ip": "40.119.211.203"
    },
    "transport_header": {
        "src_port": 58330,
        "dst_port": 443,
        "seq_num": 1932880492,
        "ack_num": 3203346914,
        "data_offset": 5,
        "flag": {
            "FIN": 0,
            "SYN": 0,
            "RST": 0,
            "PSH": 0,
            "ACK": 1,
            "URG": 0
        },
        "win_size": 514,
        "checksum": 15393,
        "urg_point": 0,
        "data": ""
    }
}{
    "network_header": {
        "ip_version": 4,
        "iph_length": 20,
        "packet_length": 40,
        "TTL": 64,
        "protocol": 6,
        "iph_checksum": 24108,
        "src_ip": "192.168.0.189",
        "dst_ip": "61.135.169.125"
    },
    "transport_header": {
        "src_port": 49530,
        "dst_port": 443,
        "seq_num": 2287819960,
        "ack_num": 1824569042,
        "data_offset": 5,
        "flag": {
            "FIN": 0,
            "SYN": 0,
            "RST": 1,
            "PSH": 0,
            "ACK": 1,
            "URG": 0
        },
        "win_size": 0,
        "checksum": 15240,
        "urg_point": 0,
        "data": ""
    }
}