{
    "network_header": {
        "ip_version": 4,
        "iph_length": 20,
        "packet_length": 40,
        "TTL": 64,
        "protocol": 6,
        "iph_checksum": 24101,
        "src_ip": "192.168.0.189",
        "dst_ip": "61.135.169.125"
    },
    "transport_header": {
        "src_port": 49538,
        "dst_port": 443,
        "seq_num": 439056341,
        "ack_num": 965837479,
        "data_offset": 5,
        "flag": {
            "FIN": 1,
            "SYN": 0,
            "RST": 0,
            "PSH": 0,
            "ACK": 1,
            "URG": 0
        },
        "win_size": 1024,
        "checksum": 61938,
        "urg_point": 0,
        "data": ""
    }
}{
    "network_header": {
        "ip_version": 4,
        "iph_length": 20,
        "packet_length": 40,
        "TTL": 64,
        "protocol": 6,
        "iph_checksum": 24101,
        "src_ip": "192.168.0.189",
        "dst_ip": "61.135.169.125"
    },
    "transport_header": {
        "src_port": 49538,
        "dst_port": 443,
        "seq_num": 439056341,
        "ack_num": 965837479,
        "data_offset": 5,
        "flag": {
            "FIN": 1,
            "SYN": 0,
            "RST": 0,
            "PSH": 0,
            "ACK": 1,
            "URG": 0
        },
        "win_size": 1024,
        "checksum": 61938,
        "urg_point": 0,
        "data": ""
    }
}{
    "network_header": {
        "ip_version": 4,
        "iph_length": 20,
        "packet_length": 52,
        "TTL": 64,
        "protocol": 6,
        "iph_checksum": 10973,
        "src_ip": "192.168.0.189",
        "dst_ip": "218.255.66.157"
    },
    "transport_header": {
        "src_port": 49540,
        "dst_port": 8143,
        "seq_num": 3269800555,
        "ack_num": 0,
        "data_offset": 8,
        "flag": {
            "FIN": 0,
            "SYN": 1,
            "RST": 0,
            "PSH": 0,
            "ACK": 0,
            "URG": 0
        },
        "win_size": 64240,
        "checksum": 48760,
        "urg_point": 0,
        "data": "............"
    }
}{
    "network_header": {
        "ip_version": 4,
        "iph_length": 20,
        "packet_length": 40,
        "TTL": 64,
        "protocol": 6,
        "iph_checksum": 10984,
        "src_ip": "192.168.0.189",
        "dst_ip": "218.255.66.157"
    },
    "transport_header": {
        "src_port": 49540,
        "dst_port": 8143,
        "seq_num": 3269800556,
        "ack_num": 1225830651,
        "data_offset": 5,
        "flag": {
            "FIN": 0,
            "SYN": 0,
            "RST": 0,
            "PSH": 0,
            "ACK": 1,
            "URG": 0
        },
        "win_size": 517,
        "checksum": 65051,
        "urg_point": 0,
        "data": ""
    }
}{
    "network_header": {
        "ip_version": 4,
        "iph_length": 20,
        "packet_length": 40,
        "TTL": 64,
        "protocol": 6,
        "iph_checksum": 10984,
        "src_ip": "192.168.0.189",
        "dst_ip": "218.255.66.157"
    },
    "transport_header": {
        "src_port": 49540,
        "dst_port": 8143,
        "seq_num": 3269800556,
        "ack_num": 1225830651,
        "data_offset": 5,
        "flag": {
            "FIN": 0,
            "SYN": 0,
            "RST": 0,
            "PSH": 0,
            "ACK": 1,
            "URG": 0
        },
        "win_size": 517,
        "checksum": 65051,
        "urg_point": 0,
        "data": ""
    }
}{
    "network_header": {
        "ip_version": 4,
        "iph_length": 20,
        "packet_length": 544,
        "TTL": 64,
        "protocol": 6,
        "iph_checksum": 10479,
        "src_ip": "192.168.0.189",
        "dst_ip": "218.255.66.157"
    },
    "transport_header": {
        "src_port": 49540,
        "dst_port": 8143,
        "seq_num": 3269800556,
        "ack_num": 1225830651,
        "data_offset": 5,
        "flag": {
            "FIN": 0,
            "SYN": 0,
            "RST": 0,
            "PSH": 1,
            "ACK": 1,
            "URG": 0
        },
        "win_size": 517,
        "checksum": 47730,
        "urg_point": 0,
        "data": "............f*[..=Ny...>..O.....Y......G.O. . ..d.kYE.g....G............6..>......./.+.0.,.'...#................3t...........21825566157.wjsq.online..............................#..=pn.\u007f{~.^.b........F.........>.L......_..v..ET...26..}.+..Iu.z..]B}Fm.\u007fR.d...J.t..C.o./.....09....O.z6.E.....>......2.c.<x....9.V}..|D...T..\\Qxr......k.....pOcB.4.1@.Wj..{U.^1.,+....O..f.+..4..>.O...'.[,..(.\u007f..........................................http/1.1.....+............3.&.$... 2-G.`?.o..wm.}%T...T......*....h.-...."
    }
}{
    "network_header": {
        "ip_version": 4,
        "iph_length": 20,
        "packet_length": 544,
        "TTL": 64,
        "protocol": 6,
        "iph_checksum": 10479,
        "src_ip": "192.168.0.189",
        "dst_ip": "218.255.66.157"
    },
    "transport_header": {
        "src_port": 49540,
        "dst_port": 8143,
        "seq_num": 3269800556,
        "ack_num": 1225830651,
        "data_offset": 5,
        "flag": {
            "FIN": 0,
            "SYN": 0,
            "RST": 0,
            "PSH": 1,
            "ACK": 1,
            "URG": 0
        },
        "win_size": 517,
        "checksum": 47730,
        "urg_point": 0,
        "data": "............f*[..=Ny...>..O.....Y......G.O. . ..d.kYE.g....G............6..>......./.+.0.,.'...#................3t...........21825566157.wjsq.online..............................#..=pn.\u007f{~.^.b........F.........>.L......_..v..ET...26..}.+..Iu.z..]B}Fm.\u007fR.d...J.t..C.o./.....09....O.z6.E.....>......2.c.<x....9.V}..|D...T..\\Qxr......k.....pOcB.4.1@.Wj..{U.^1.,+....O..f.+..4..>.O...'.[,..(.\u007f..........................................http/1.1.....+............3.&.$... 2-G.`?.o..wm.}%T...T......*....h.-...."
    }
}{
    "network_header": {
        "ip_version": 4,
        "iph_length": 20,
        "packet_length": 156,
        "TTL": 64,
        "protocol": 6,
        "iph_checksum": 10866,
        "src_ip": "192.168.0.189",
        "dst_ip": "218.255.66.157"
    },
    "transport_header": {
        "src_port": 49540,
        "dst_port": 8143,
        "seq_num": 3269801060,
        "ack_num": 1225830801,
        "data_offset": 5,
        "flag": {
            "FIN": 0,
            "SYN": 0,
            "RST": 0,
            "PSH": 1,
            "ACK": 1,
            "URG": 0
        },
        "win_size": 516,
        "checksum": 61060,
        "urg_point": 0,
        "data": "..........<..............o..=..\\......4......y.._.E..S...X...Od...*..K}....(................pC...4,.y...}5....`.$..S"
    }
}{
    "network_header": {
        "ip_version": 4,
        "iph_length": 20,
        "packet_length": 156,
        "TTL": 64,
        "protocol": 6,
        "iph_checksum": 10866,
        "src_ip": "192.168.0.189",
        "dst_ip": "218.255.66.157"
    },
    "transport_header": {
        "src_port": 49540,
        "dst_port": 8143,
        "seq_num": 3269801060,
        "ack_num": 1225830801,
        "data_offset": 5,
        "flag": {
            "FIN": 0,
            "SYN": 0,
            "RST": 0,
            "PSH": 1,
            "ACK": 1,
            "URG": 0
        },
        "win_size": 516,
        "checksum": 61060,
        "urg_point": 0,
        "data": "..........<..............o..=..\\......4......y.._.E..S...X...Od...*..K}....(................pC...4,.y...}5....`.$..S"
    }
}{
    "network_header": {
        "ip_version": 4,
        "iph_length": 20,
        "packet_length": 271,
        "TTL": 64,
        "protocol": 6,
        "iph_checksum": 10750,
        "src_ip": "192.168.0.189",
        "dst_ip": "218.255.66.157"
    },
    "transport_header": {
        "src_port": 49540,
        "dst_port": 8143,
        "seq_num": 3269801176,
        "ack_num": 1225830801,
        "data_offset": 5,
        "flag": {
            "FIN": 0,
            "SYN": 0,
            "RST": 0,
            "PSH": 1,
            "ACK": 1,
            "URG": 0
        },
        "win_size": 516,
        "checksum": 20834,
        "urg_point": 0,
        "data": "..............u....Pw...k.w..0f....:...J..S+k.=~...@.....'..A...5&.2.z....D.s........G$....G....t/.W..?.....:.PA.........)&P.|q..l...M...C]..f....}_...~....& .N@A.aG....qYV!. S....'|<...B.B.+...{A)u..K.U.....>[T...ykD..[w,..r...!.."
    }
}{
    "network_header": {
        "ip_version": 4,
        "iph_length": 20,
        "packet_length": 271,
        "TTL": 64,
        "protocol": 6,
        "iph_checksum": 10750,
        "src_ip": "192.168.0.189",
        "dst_ip": "218.255.66.157"
    },
    "transport_header": {
        "src_port": 49540,
        "dst_port": 8143,
        "seq_num": 3269801176,
        "ack_num": 1225830801,
        "data_offset": 5,
        "flag": {
            "FIN": 0,
            "SYN": 0,
            "RST": 0,
            "PSH": 1,
            "ACK": 1,
            "URG": 0
        },
        "win_size": 516,
        "checksum": 20834,
        "urg_point": 0,
        "data": "..............u....Pw...k.w..0f....:...J..S+k.=~...@.....'..A...5&.2.z....D.s........G$....G....t/.W..?.....:.PA.........)&P.|q..l...M...C]..f....}_...~....& .N@A.aG....qYV!. S....'|<...B.B.+...{A)u..K.U.....>[T...ykD..[w,..r...!.."
    }
}{
    "network_header": {
        "ip_version": 4,
        "iph_length": 20,
        "packet_length": 426,
        "TTL": 64,
        "protocol": 6,
        "iph_checksum": 10594,
        "src_ip": "192.168.0.189",
        "dst_ip": "218.255.66.157"
    },
    "transport_header": {
        "src_port": 49540,
        "dst_port": 8143,
        "seq_num": 3269801407,
        "ack_num": 1225831018,
        "data_offset": 5,
        "flag": {
            "FIN": 0,
            "SYN": 0,
            "RST": 0,
            "PSH": 1,
            "ACK": 1,
            "URG": 0
        },
        "win_size": 516,
        "checksum": 61064,
        "urg_point": 0,
        "data": "....}.........=.../...#.K.\\.(%O. 0a.....^..../Imc.......i<.C...u.GP.E.R]?..H.;gh.....s..[.e.80...o..n.8U.S9...^7[..QG..B:.\".P.{w6@...G}5.Vh.*.t.:T.#.L...r...... ..Vl...B.......iZ.....2u..\\\\...$....c..)q}..\"u.....O.`.......E'...U:..2.p..K..~7SEE......q........BG..a.C.b..b.$[../.B......2.&.)`.X........d....vi..n.u$.P.k.n.......3...w.................I.v..e..m7b#.....M..G../.\u007fM_j?..R..2l"
    }
}{
    "network_header": {
        "ip_version": 4,
        "iph_length": 20,
        "packet_length": 426,
        "TTL": 64,
        "protocol": 6,
        "iph_checksum": 10594,
        "src_ip": "192.168.0.189",
        "dst_ip": "218.255.66.157"
    },
    "transport_header": {
        "src_port": 49540,
        "dst_port": 8143,
        "seq_num": 3269801407,
        "ack_num": 1225831018,
        "data_offset": 5,
        "flag": {
            "FIN": 0,
            "SYN": 0,
            "RST": 0,
            "PSH": 1,
            "ACK": 1,
            "URG": 0
        },
        "win_size": 516,
        "checksum": 61064,
        "urg_point": 0,
        "data": "....}.........=.../...#.K.\\.(%O. 0a.....^..../Imc.......i<.C...u.GP.E.R]?..H.;gh.....s..[.e.80...o..n.8U.S9...^7[..QG..B:.\".P.{w6@...G}5.Vh.*.t.:T.#.L...r...... ..Vl...B.......iZ.....2u..\\\\...$....c..)q}..\"u.....O.`.......E'...U:..2.p..K..~7SEE......q........BG..a.C.b..b.$[../.B......2.&.)`.X........d....vi..n.u$.P.k.n.......3...w.................I.v..e..m7b#.....M..G../.\u007fM_j?..R..2l"
    }
}{
    "network_header": {
        "ip_version": 4,
        "iph_length": 20,
        "packet_length": 40,
        "TTL": 64,
        "protocol": 6,
        "iph_checksum": 10979,
        "src_ip": "192.168.0.189",
        "dst_ip": "218.255.66.157"
    },
    "transport_header": {
        "src_port": 49540,
        "dst_port": 8143,
        "seq_num": 3269801793,
        "ack_num": 1225833737,
        "data_offset": 5,
        "flag": {
            "FIN": 0,
            "SYN": 0,
            "RST": 0,
            "PSH": 0,
            "ACK": 1,
            "URG": 0
        },
        "win_size": 517,
        "checksum": 60728,
        "urg_point": 0,
        "data": ""
    }
}{
    "network_header": {
        "ip_version": 4,
        "iph_length": 20,
        "packet_length": 40,
        "TTL": 64,
        "protocol": 6,
        "iph_checksum": 10979,
        "src_ip": "192.168.0.189",
        "dst_ip": "218.255.66.157"
    },
    "transport_header": {
        "src_port": 49540,
        "dst_port": 8143,
        "seq_num": 3269801793,
        "ack_num": 1225833737,
        "data_offset": 5,
        "flag": {
            "FIN": 0,
            "SYN": 0,
            "RST": 0,
            "PSH": 0,
            "ACK": 1,
            "URG": 0
        },
        "win_size": 517,
        "checksum": 60728,
        "urg_point": 0,
        "data": ""
    }
}{
    "network_header": {
        "ip_version": 4,
        "iph_length": 20,
        "packet_length": 220,
        "TTL": 64,
        "protocol": 6,
        "iph_checksum": 10798,
        "src_ip": "192.168.0.189",
        "dst_ip": "218.255.66.157"
    },
    "transport_header": {
        "src_port": 49540,
        "dst_port": 8143,
        "seq_num": 3269801793,
        "ack_num": 1225833737,
        "data_offset": 5,
        "flag": {
            "FIN": 0,
            "SYN": 0,
            "RST": 0,
            "PSH": 1,
            "ACK": 1,
            "URG": 0
        },
        "win_size": 517,
        "checksum": 1440,
        "urg_point": 0,
        "data": ".............C?(.Q..I..d.o.\\Geg.N&..{.+...j.O........*.....<...KiF.....\\;.j...L;D..x...=..k....+.O..._.........lM.'.U.]...R]..6|...tv.%.A....|Fn0.'kI.*..K......@.....8..N.yrm.a...."
    }
}{
    "network_header": {
        "ip_version": 4,
        "iph_length": 20,
        "packet_length": 220,
        "TTL": 64,
        "protocol": 6,
        "iph_checksum": 10798,
        "src_ip": "192.168.0.189",
        "dst_ip": "218.255.66.157"
    },
    "transport_header": {
        "src_port": 49540,
        "dst_port": 8143,
        "seq_num": 3269801793,
        "ack_num": 1225833737,
        "data_offset": 5,
        "flag": {
            "FIN": 0,
            "SYN": 0,
            "RST": 0,
            "PSH": 1,
            "ACK": 1,
            "URG": 0
        },
        "win_size": 517,
        "checksum": 1440,
        "urg_point": 0,
        "data": ".............C?(.Q..I..d.o.\\Geg.N&..{.+...j.O........*.....<...KiF.....\\;.j...L;D..x...=..k....+.O..._.........lM.'.U.]...R]..6|...tv.%.A....|Fn0.'kI.*..K......@.....8..N.yrm.a...."
    }
}{
    "network_header": {
        "ip_version": 4,
        "iph_length": 20,
        "packet_length": 251,
        "TTL": 64,
        "protocol": 6,
        "iph_checksum": 10766,
        "src_ip": "192.168.0.189",
        "dst_ip": "218.255.66.157"
    },
    "transport_header": {
        "src_port": 49540,
        "dst_port": 8143,
        "seq_num": 3269801973,
        "ack_num": 1225834123,
        "data_offset": 5,
        "flag": {
            "FIN": 0,
            "SYN": 0,
            "RST": 0,
            "PSH": 1,
            "ACK": 1,
            "URG": 0
        },
        "win_size": 515,
        "checksum": 43385,
        "urg_point": 0,
        "data": ".....................>..\\..+!.jpoak.2...5s.R> d...9..{..LU5.....d.R.w...+..h\\.....x.E.7~.p.,............@ h..e.s.wH.........&.....\".....(p...&2.@.C.X'[5..[.<.........I.....p..2~\\...\".8^,.....c.......,..|.<.....R"
    }
}{
    "network_header": {
        "ip_version": 4,
        "iph_length": 20,
        "packet_length": 251,
        "TTL": 64,
        "protocol": 6,
        "iph_checksum": 10766,
        "src_ip": "192.168.0.189",
        "dst_ip": "218.255.66.157"
    },
    "transport_header": {
        "src_port": 49540,
        "dst_port": 8143,
        "seq_num": 3269801973,
        "ack_num": 1225834123,
        "data_offset": 5,
        "flag": {
            "FIN": 0,
            "SYN": 0,
            "RST": 0,
            "PSH": 1,
            "ACK": 1,
            "URG": 0
        },
        "win_size": 515,
        "checksum": 43385,
        "urg_point": 0,
        "data": ".....................>..\\..+!.jpoak.2...5s.R> d...9..{..LU5.....d.R.w...+..h\\.....x.E.7~.p.,............@ h..e.s.wH.........&.....\".....(p...&2.@.C.X'[5..[.<.........I.....p..2~\\...\".8^,.....c.......,..|.<.....R"
    }
}{
    "network_header": {
        "ip_version": 4,
        "iph_length": 20,
        "packet_length": 40,
        "TTL": 64,
        "protocol": 6,
        "iph_checksum": 10976,
        "src_ip": "192.168.0.189",
        "dst_ip": "218.255.66.157"
    },
    "transport_header": {
        "src_port": 49540,
        "dst_port": 8143,
        "seq_num": 3269802184,
        "ack_num": 1225834652,
        "data_offset": 5,
        "flag": {
            "FIN": 0,
            "SYN": 0,
            "RST": 0,
            "PSH": 0,
            "ACK": 1,
            "URG": 0
        },
        "win_size": 513,
        "checksum": 59426,
        "urg_point": 0,
        "data": ""
    }
}{
    "network_header": {
        "ip_version": 4,
        "iph_length": 20,
        "packet_length": 40,
        "TTL": 64,
        "protocol": 6,
        "iph_checksum": 10976,
        "src_ip": "192.168.0.189",
        "dst_ip": "218.255.66.157"
    },
    "transport_header": {
        "src_port": 49540,
        "dst_port": 8143,
        "seq_num": 3269802184,
        "ack_num": 1225834652,
        "data_offset": 5,
        "flag": {
            "FIN": 0,
            "SYN": 0,
            "RST": 0,
            "PSH": 0,
            "ACK": 1,
            "URG": 0
        },
        "win_size": 513,
        "checksum": 59426,
        "urg_point": 0,
        "data": ""
    }
}{
    "network_header": {
        "ip_version": 4,
        "iph_length": 20,
        "packet_length": 77,
        "TTL": 64,
        "protocol": 6,
        "iph_checksum": 10938,
        "src_ip": "192.168.0.189",
        "dst_ip": "218.255.66.157"
    },
    "transport_header": {
        "src_port": 49540,
        "dst_port": 8143,
        "seq_num": 3269802184,
        "ack_num": 1225834652,
        "data_offset": 5,
        "flag": {
            "FIN": 0,
            "SYN": 0,
            "RST": 0,
            "PSH": 1,
            "ACK": 1,
            "URG": 0
        },
        "win_size": 513,
        "checksum": 34660,
        "urg_point": 0,
        "data": ".... ...........4.6.........v.61-...u"
    }
}{
    "network_header": {
        "ip_version": 4,
        "iph_length": 20,
        "packet_length": 77,
        "TTL": 64,
        "protocol": 6,
        "iph_checksum": 10938,
        "src_ip": "192.168.0.189",
        "dst_ip": "218.255.66.157"
    },
    "transport_header": {
        "src_port": 49540,
        "dst_port": 8143,
        "seq_num": 3269802184,
        "ack_num": 1225834652,
        "data_offset": 5,
        "flag": {
            "FIN": 0,
            "SYN": 0,
            "RST": 0,
            "PSH": 1,
            "ACK": 1,
            "URG": 0
        },
        "win_size": 513,
        "checksum": 34660,
        "urg_point": 0,
        "data": ".... ...........4.6.........v.61-...u"
    }
}{
    "network_header": {
        "ip_version": 4,
        "iph_length": 20,
        "packet_length": 71,
        "TTL": 64,
        "protocol": 6,
        "iph_checksum": 10943,
        "src_ip": "192.168.0.189",
        "dst_ip": "218.255.66.157"
    },
    "transport_header": {
        "src_port": 49540,
        "dst_port": 8143,
        "seq_num": 3269802221,
        "ack_num": 1225834652,
        "data_offset": 5,
        "flag": {
            "FIN": 0,
            "SYN": 0,
            "RST": 0,
            "PSH": 1,
            "ACK": 1,
            "URG": 0
        },
        "win_size": 513,
        "checksum": 16987,
        "urg_point": 0,
        "data": ".............\"...#.~....w..G.W`"
    }
}{
    "network_header": {
        "ip_version": 4,
        "iph_length": 20,
        "packet_length": 71,
        "TTL": 64,
        "protocol": 6,
        "iph_checksum": 10943,
        "src_ip": "192.168.0.189",
        "dst_ip": "218.255.66.157"
    },
    "transport_header": {
        "src_port": 49540,
        "dst_port": 8143,
        "seq_num": 3269802221,
        "ack_num": 1225834652,
        "data_offset": 5,
        "flag": {
            "FIN": 0,
            "SYN": 0,
            "RST": 0,
            "PSH": 1,
            "ACK": 1,
            "URG": 0
        },
        "win_size": 513,
        "checksum": 16987,
        "urg_point": 0,
        "data": ".............\"...#.~....w..G.W`"
    }
}{
    "network_header": {
        "ip_version": 4,
        "iph_length": 20,
        "packet_length": 40,
        "TTL": 64,
        "protocol": 6,
        "iph_checksum": 10973,
        "src_ip": "192.168.0.189",
        "dst_ip": "218.255.66.157"
    },
    "transport_header": {
        "src_port": 49540,
        "dst_port": 8143,
        "seq_num": 3269802252,
        "ack_num": 1225834652,
        "data_offset": 5,
        "flag": {
            "FIN": 1,
            "SYN": 0,
            "RST": 0,
            "PSH": 0,
            "ACK": 1,
            "URG": 0
        },
        "win_size": 513,
        "checksum": 59357,
        "urg_point": 0,
        "data": ""
    }
}{
    "network_header": {
        "ip_version": 4,
        "iph_length": 20,
        "packet_length": 40,
        "TTL": 64,
        "protocol": 6,
        "iph_checksum": 10973,
        "src_ip": "192.168.0.189",
        "dst_ip": "218.255.66.157"
    },
    "transport_header": {
        "src_port": 49540,
        "dst_port": 8143,
        "seq_num": 3269802252,
        "ack_num": 1225834652,
        "data_offset": 5,
        "flag": {
            "FIN": 1,
            "SYN": 0,
            "RST": 0,
            "PSH": 0,
            "ACK": 1,
            "URG": 0
        },
        "win_size": 513,
        "checksum": 59357,
        "urg_point": 0,
        "data": ""
    }
}{
    "network_header": {
        "ip_version": 4,
        "iph_length": 20,
        "packet_length": 40,
        "TTL": 64,
        "protocol": 6,
        "iph_checksum": 10972,
        "src_ip": "192.168.0.189",
        "dst_ip": "218.255.66.157"
    },
    "transport_header": {
        "src_port": 49540,
        "dst_port": 8143,
        "seq_num": 3269802253,
        "ack_num": 1225834653,
        "data_offset": 5,
        "flag": {
            "FIN": 0,
            "SYN": 0,
            "RST": 0,
            "PSH": 0,
            "ACK": 1,
            "URG": 0
        },
        "win_size": 513,
        "checksum": 59356,
        "urg_point": 0,
        "data": ""
    }
}{
    "network_header": {
        "ip_version": 4,
        "iph_length": 20,
        "packet_length": 40,
        "TTL": 64,
        "protocol": 6,
        "iph_checksum": 10972,
        "src_ip": "192.168.0.189",
        "dst_ip": "218.255.66.157"
    },
    "transport_header": {
        "src_port": 49540,
        "dst_port": 8143,
        "seq_num": 3269802253,
        "ack_num": 1225834653,
        "data_offset": 5,
        "flag": {
            "FIN": 0,
            "SYN": 0,
            "RST": 0,
            "PSH": 0,
            "ACK": 1,
            "URG": 0
        },
        "win_size": 513,
        "checksum": 59356,
        "urg_point": 0,
        "data": ""
    }
}{
    "network_header": {
        "ip_version": 4,
        "iph_length": 20,
        "packet_length": 40,
        "TTL": 64,
        "protocol": 6,
        "iph_checksum": 10971,
        "src_ip": "192.168.0.189",
        "dst_ip": "218.255.66.157"
    },
    "transport_header": {
        "src_port": 49540,
        "dst_port": 8143,
        "seq_num": 3269802253,
        "ack_num": 1225834653,
        "data_offset": 5,
        "flag": {
            "FIN": 0,
            "SYN": 0,
            "RST": 0,
            "PSH": 0,
            "ACK": 1,
            "URG": 0
        },
        "win_size": 0,
        "checksum": 59869,
        "urg_point": 0,
        "data": ""
    }
}{
    "network_header": {
        "ip_version": 4,
        "iph_length": 20,
        "packet_length": 40,
        "TTL": 64,
        "protocol": 6,
        "iph_checksum": 10971,
        "src_ip": "192.168.0.189",
        "dst_ip": "218.255.66.157"
    },
    "transport_header": {
        "src_port": 49540,
        "dst_port": 8143,
        "seq_num": 3269802253,
        "ack_num": 1225834653,
        "data_offset": 5,
        "flag": {
            "FIN": 0,
            "SYN": 0,
            "RST": 0,
            "PSH": 0,
            "ACK": 1,
            "URG": 0
        },
        "win_size": 0,
        "checksum": 59869,
        "urg_point": 0,
        "data": ""
    }
}