{
    "network_header": {
        "ip_version": 4,
        "iph_length": 20,
        "packet_length": 40,
        "TTL": 64,
        "protocol": 6,
        "iph_checksum": 24098,
        "src_ip": "192.168.0.189",
        "dst_ip": "61.135.169.125"
    },
    "transport_header": {
        "src_port": 49538,
        "dst_port": 443,
        "seq_num": 439056341,
        "ack_num": 965837479,
        "data_offset": 5,
        "flag": {
            "FIN": 1,
            "SYN": 0,
            "RST": 0,
            "PSH": 0,
            "ACK": 1,
            "URG": 0
        },
        "win_size": 1024,
        "checksum": 61938,
        "urg_point": 0,
        "data": ""
    }
}{
    "network_header": {
        "ip_version": 4,
        "iph_length": 20,
        "packet_length": 40,
        "TTL": 64,
        "protocol": 6,
        "iph_checksum": 24098,
        "src_ip": "192.168.0.189",
        "dst_ip": "61.135.169.125"
    },
    "transport_header": {
        "src_port": 49538,
        "dst_port": 443,
        "seq_num": 439056341,
        "ack_num": 965837479,
        "data_offset": 5,
        "flag": {
            "FIN": 1,
            "SYN": 0,
            "RST": 0,
            "PSH": 0,
            "ACK": 1,
            "URG": 0
        },
        "win_size": 1024,
        "checksum": 61938,
        "urg_point": 0,
        "data": ""
    }
}{
    "network_header": {
        "ip_version": 4,
        "iph_length": 20,
        "packet_length": 40,
        "TTL": 64,
        "protocol": 6,
        "iph_checksum": 31310,
        "src_ip": "192.168.0.189",
        "dst_ip": "119.3.229.89"
    },
    "transport_header": {
        "src_port": 49515,
        "dst_port": 443,
        "seq_num": 4012542080,
        "ack_num": 1986416024,
        "data_offset": 5,
        "flag": {
            "FIN": 1,
            "SYN": 0,
            "RST": 0,
            "PSH": 0,
            "ACK": 1,
            "URG": 0
        },
        "win_size": 513,
        "checksum": 37183,
        "urg_point": 0,
        "data": ""
    }
}{
    "network_header": {
        "ip_version": 4,
        "iph_length": 20,
        "packet_length": 40,
        "TTL": 64,
        "protocol": 6,
        "iph_checksum": 31311,
        "src_ip": "192.168.0.189",
        "dst_ip": "119.3.229.89"
    },
    "transport_header": {
        "src_port": 49515,
        "dst_port": 443,
        "seq_num": 4012542080,
        "ack_num": 1986416024,
        "data_offset": 5,
        "flag": {
            "FIN": 0,
            "SYN": 0,
            "RST": 0,
            "PSH": 0,
            "ACK": 1,
            "URG": 0
        },
        "win_size": 513,
        "checksum": 37184,
        "urg_point": 0,
        "data": ""
    }
}{
    "network_header": {
        "ip_version": 4,
        "iph_length": 20,
        "packet_length": 40,
        "TTL": 64,
        "protocol": 6,
        "iph_checksum": 31310,
        "src_ip": "192.168.0.189",
        "dst_ip": "119.3.229.89"
    },
    "transport_header": {
        "src_port": 49515,
        "dst_port": 443,
        "seq_num": 4012542080,
        "ack_num": 1986416024,
        "data_offset": 5,
        "flag": {
            "FIN": 1,
            "SYN": 0,
            "RST": 0,
            "PSH": 0,
            "ACK": 1,
            "URG": 0
        },
        "win_size": 513,
        "checksum": 37183,
        "urg_point": 0,
        "data": ""
    }
}{
    "network_header": {
        "ip_version": 4,
        "iph_length": 20,
        "packet_length": 52,
        "TTL": 64,
        "protocol": 6,
        "iph_checksum": 24085,
        "src_ip": "192.168.0.189",
        "dst_ip": "61.135.169.125"
    },
    "transport_header": {
        "src_port": 49542,
        "dst_port": 443,
        "seq_num": 303048901,
        "ack_num": 0,
        "data_offset": 8,
        "flag": {
            "FIN": 0,
            "SYN": 1,
            "RST": 0,
            "PSH": 0,
            "ACK": 0,
            "URG": 0
        },
        "win_size": 65535,
        "checksum": 51343,
        "urg_point": 0,
        "data": "............"
    }
}{
    "network_header": {
        "ip_version": 4,
        "iph_length": 20,
        "packet_length": 129,
        "TTL": 4,
        "protocol": 17,
        "iph_checksum": 0,
        "src_ip": "192.168.0.189",
        "dst_ip": "239.255.255.250"
    },
    "transport_header": {
        "src_port": 64380,
        "dst_port": 1900,
        "udp_length": 109,
        "udp_checksum": 50096
    }
}{
    "network_header": {
        "ip_version": 4,
        "iph_length": 20,
        "packet_length": 129,
        "TTL": 4,
        "protocol": 17,
        "iph_checksum": 55896,
        "src_ip": "192.168.0.189",
        "dst_ip": "239.255.255.250"
    },
    "transport_header": {
        "src_port": 64380,
        "dst_port": 1900,
        "udp_length": 109,
        "udp_checksum": 50096
    }
}